TN:
SF:src/helpers/AppGlobalError.helper.ts
FN:1,(anonymous_0)
FN:5,AppGlobalError
FNF:2
FNH:2
FNDA:3,(anonymous_0)
FNDA:4,AppGlobalError
DA:1,3
DA:5,7
DA:6,4
DA:7,4
DA:9,3
DA:11,3
LF:6
LH:6
BRDA:5,0,0,3
BRDA:5,0,1,1
BRF:2
BRH:2
end_of_record
TN:
SF:src/helpers/pingServer.helper.ts
FN:9,(anonymous_14)
FN:10,(anonymous_16)
FN:11,(anonymous_19)
FN:12,(anonymous_20)
FNF:4
FNH:4
FNDA:6,(anonymous_14)
FNDA:5,(anonymous_16)
FNDA:5,(anonymous_19)
FNDA:5,(anonymous_20)
DA:1,3
DA:9,3
DA:10,3
DA:11,5
DA:12,5
DA:13,5
DA:15,5
DA:22,3
DA:24,3
LF:9
LH:9
BRDA:13,0,0,0
BRDA:13,0,1,5
BRF:2
BRH:1
end_of_record
TN:
SF:src/routes/health.routes.ts
FN:13,(anonymous_14)
FN:13,(anonymous_15)
FNF:2
FNH:2
FNDA:1,(anonymous_14)
FNDA:1,(anonymous_15)
DA:1,2
DA:2,2
DA:3,2
DA:5,2
DA:7,2
DA:9,2
DA:11,2
DA:13,2
DA:17,1
DA:21,0
DA:23,1
DA:30,2
LF:12
LH:11
BRF:0
BRH:0
end_of_record
TN:
SF:src/routes/index.ts
FNF:0
FNH:0
DA:1,2
DA:2,2
DA:3,2
DA:5,2
DA:7,2
DA:8,2
DA:10,2
LF:7
LH:7
BRF:0
BRH:0
end_of_record
TN:
SF:src/routes/products.routes.ts
FN:8,(anonymous_14)
FN:8,(anonymous_15)
FNF:2
FNH:2
FNDA:2,(anonymous_14)
FNDA:2,(anonymous_15)
DA:1,2
DA:2,2
DA:3,2
DA:4,2
DA:6,2
DA:8,2
DA:9,2
DA:11,2
DA:12,1
DA:15,1
DA:19,1
DA:20,0
DA:23,1
DA:25,1
DA:28,2
LF:15
LH:14
BRDA:11,0,0,1
BRDA:11,0,1,1
BRDA:19,1,0,0
BRDA:19,1,1,1
BRF:4
BRH:3
end_of_record
TN:
SF:src/services/MercadoLivreCrawler.service.ts
FN:18,(anonymous_14)
FN:22,(anonymous_16)
FN:31,(anonymous_17)
FN:35,(anonymous_18)
FN:39,(anonymous_19)
FN:40,(anonymous_22)
FN:41,(anonymous_23)
FN:50,(anonymous_24)
FN:55,(anonymous_27)
FN:55,(anonymous_28)
FN:59,(anonymous_30)
FNF:11
FNH:11
FNDA:7,(anonymous_14)
FNDA:104,(anonymous_16)
FNDA:339,(anonymous_17)
FNDA:440,(anonymous_18)
FNDA:1,(anonymous_19)
FNDA:1,(anonymous_22)
FNDA:1,(anonymous_23)
FNDA:3,(anonymous_24)
FNDA:3,(anonymous_27)
FNDA:3,(anonymous_28)
FNDA:440,(anonymous_30)
DA:1,3
DA:2,3
DA:18,3
DA:19,4
DA:20,4
DA:22,104
DA:24,104
DA:25,63
DA:28,41
DA:31,3
DA:32,339
DA:35,3
DA:36,440
DA:39,3
DA:40,1
DA:41,1
DA:42,1
DA:43,1
DA:45,1
DA:50,3
DA:51,3
DA:52,6
DA:53,6
DA:55,3
DA:56,3
DA:57,3
DA:59,3
DA:64,440
DA:66,440
DA:67,336
DA:68,336
DA:71,104
DA:72,104
DA:73,104
DA:75,104
DA:77,104
DA:79,104
DA:85,104
DA:87,104
DA:88,104
DA:90,104
DA:98,104
DA:106,104
DA:109,3
DA:112,3
DA:114,3
LF:46
LH:46
BRDA:24,0,0,63
BRDA:24,0,1,41
BRDA:42,1,0,0
BRDA:42,1,1,1
BRDA:52,2,0,1
BRDA:52,2,1,2
BRDA:53,3,0,2
BRDA:53,3,1,1
BRDA:66,4,0,336
BRDA:66,4,1,104
BRF:10
BRH:9
end_of_record
