TN:
SF:src/controllers/products.controller.ts
FN:23,(anonymous_14)
FN:26,ProductsController
FN:30,(anonymous_16)
FNF:3
FNH:3
FNDA:3,(anonymous_14)
FNDA:3,ProductsController
FNDA:5,(anonymous_16)
DA:1,3
DA:23,3
DA:27,3
DA:30,3
DA:31,5
DA:32,5
DA:33,5
DA:35,5
DA:41,5
DA:47,5
DA:49,3
DA:50,3
LF:12
LH:12
BRDA:35,0,0,5
BRDA:44,1,0,5
BRDA:44,1,1,3
BRF:3
BRH:3
end_of_record
TN:
SF:src/helpers/AppGlobalError.helper.ts
FN:1,(anonymous_0)
FN:5,AppGlobalError
FNF:2
FNH:2
FNDA:3,(anonymous_0)
FNDA:4,AppGlobalError
DA:1,3
DA:5,7
DA:6,4
DA:7,4
DA:9,3
DA:11,3
LF:6
LH:6
BRDA:5,0,0,3
BRDA:5,0,1,1
BRF:2
BRH:2
end_of_record
TN:
SF:src/helpers/pingServer.helper.ts
FN:9,(anonymous_14)
FN:10,(anonymous_16)
FN:11,(anonymous_19)
FN:12,(anonymous_20)
FNF:4
FNH:4
FNDA:6,(anonymous_14)
FNDA:6,(anonymous_16)
FNDA:6,(anonymous_19)
FNDA:6,(anonymous_20)
DA:1,3
DA:9,3
DA:10,3
DA:11,6
DA:12,6
DA:13,6
DA:15,5
DA:22,3
DA:24,3
LF:9
LH:9
BRDA:13,0,0,1
BRDA:13,0,1,5
BRF:2
BRH:2
end_of_record
TN:
SF:src/routes/health.routes.ts
FN:13,(anonymous_14)
FN:13,(anonymous_15)
FNF:2
FNH:2
FNDA:1,(anonymous_14)
FNDA:1,(anonymous_15)
DA:1,2
DA:2,2
DA:3,2
DA:5,2
DA:7,2
DA:9,2
DA:11,2
DA:13,2
DA:17,1
DA:21,0
DA:23,1
DA:30,2
LF:12
LH:11
BRF:0
BRH:0
end_of_record
TN:
SF:src/routes/index.ts
FNF:0
FNH:0
DA:1,2
DA:2,2
DA:3,2
DA:5,2
DA:7,2
DA:8,2
DA:10,2
LF:7
LH:7
BRF:0
BRH:0
end_of_record
TN:
SF:src/routes/products.routes.ts
FN:8,(anonymous_14)
FN:8,(anonymous_15)
FNF:2
FNH:2
FNDA:2,(anonymous_14)
FNDA:2,(anonymous_15)
DA:1,2
DA:2,2
DA:3,2
DA:4,2
DA:6,2
DA:8,2
DA:9,2
DA:11,2
DA:12,1
DA:15,1
DA:19,1
DA:20,0
DA:23,1
DA:25,1
DA:28,2
LF:15
LH:14
BRDA:11,0,0,1
BRDA:11,0,1,1
BRDA:19,1,0,0
BRDA:19,1,1,1
BRF:4
BRH:3
end_of_record
TN:
SF:src/services/MercadoLivreCrawler.service.ts
FN:18,(anonymous_14)
FN:22,(anonymous_16)
FN:31,(anonymous_17)
FN:35,(anonymous_18)
FN:39,(anonymous_19)
FN:40,(anonymous_22)
FN:41,(anonymous_23)
FN:50,(anonymous_24)
FN:55,(anonymous_27)
FN:55,(anonymous_28)
FN:59,(anonymous_30)
FNF:11
FNH:11
FNDA:9,(anonymous_14)
FNDA:193,(anonymous_16)
FNDA:1071,(anonymous_17)
FNDA:1257,(anonymous_18)
FNDA:5,(anonymous_19)
FNDA:5,(anonymous_22)
FNDA:5,(anonymous_23)
FNDA:7,(anonymous_24)
FNDA:7,(anonymous_27)
FNDA:7,(anonymous_28)
FNDA:1257,(anonymous_30)
DA:1,4
DA:2,4
DA:18,4
DA:19,5
DA:20,5
DA:22,193
DA:24,193
DA:25,123
DA:28,70
DA:31,4
DA:32,1071
DA:35,4
DA:36,1257
DA:39,4
DA:40,5
DA:41,5
DA:42,5
DA:43,5
DA:45,5
DA:50,4
DA:51,7
DA:52,14
DA:53,14
DA:55,7
DA:56,7
DA:57,7
DA:59,7
DA:64,1257
DA:66,1257
DA:67,1064
DA:68,1064
DA:71,193
DA:72,193
DA:73,193
DA:75,193
DA:77,193
DA:79,193
DA:85,193
DA:87,193
DA:88,193
DA:90,193
DA:98,193
DA:106,193
DA:109,7
DA:112,4
DA:114,4
LF:46
LH:46
BRDA:24,0,0,123
BRDA:24,0,1,70
BRDA:42,1,0,0
BRDA:42,1,1,5
BRDA:52,2,0,4
BRDA:52,2,1,3
BRDA:53,3,0,5
BRDA:53,3,1,2
BRDA:66,4,0,1064
BRDA:66,4,1,193
BRF:10
BRH:9
end_of_record
